生成启动时间为 2018/3/9 11:55:32。
     1>项目“D:\Coding\leetcode\岛屿数量\岛屿数量\岛屿数量.vcxproj”在节点 2 上(Build 个目标)。
     1>ClCompile:
         C:\Program Files (x86)\Microsoft Visual Studio 11.0\VC\bin\CL.exe /c /ZI /nologo /W3 /WX- /sdl /Od /Oy- /D WIN32 /D _DEBUG /D _CONSOLE /D _UNICODE /D UNICODE /Gm /EHsc /RTC1 /MDd /GS /fp:precise /Zc:wchar_t /Zc:forScope /Yu"stdafx.h" /Fp"Debug\岛屿数量.pch" /Fo"Debug\\" /Fd"Debug\vc110.pdb" /Gd /TP /analyze- /errorReport:prompt "岛屿数量.cpp"
         岛屿数量.cpp
     1>d:\coding\leetcode\岛屿数量\岛屿数量\岛屿数量.cpp(19): warning C4018: “>=”: 有符号/无符号不匹配
     1>d:\coding\leetcode\岛屿数量\岛屿数量\岛屿数量.cpp(20): warning C4018: “>=”: 有符号/无符号不匹配
     1>d:\coding\leetcode\岛屿数量\岛屿数量\岛屿数量.cpp(44): warning C4018: “>=”: 有符号/无符号不匹配
     1>d:\coding\leetcode\岛屿数量\岛屿数量\岛屿数量.cpp(45): warning C4018: “>=”: 有符号/无符号不匹配
     1>d:\coding\leetcode\岛屿数量\岛屿数量\岛屿数量.cpp(61): warning C4018: “<”: 有符号/无符号不匹配
     1>d:\coding\leetcode\岛屿数量\岛屿数量\岛屿数量.cpp(63): warning C4018: “<”: 有符号/无符号不匹配
     1>d:\coding\leetcode\岛屿数量\岛屿数量\岛屿数量.cpp(67): warning C4018: “<”: 有符号/无符号不匹配
     1>d:\coding\leetcode\岛屿数量\岛屿数量\岛屿数量.cpp(68): warning C4018: “<”: 有符号/无符号不匹配
       Link:
         C:\Program Files (x86)\Microsoft Visual Studio 11.0\VC\bin\link.exe /ERRORREPORT:PROMPT /OUT:"D:\Coding\leetcode\岛屿数量\Debug\岛屿数量.exe" /INCREMENTAL /NOLOGO kernel32.lib user32.lib gdi32.lib winspool.lib comdlg32.lib advapi32.lib shell32.lib ole32.lib oleaut32.lib uuid.lib odbc32.lib odbccp32.lib /MANIFEST /MANIFESTUAC:"level='asInvoker' uiAccess='false'" /manifest:embed /DEBUG /PDB:"D:\Coding\leetcode\岛屿数量\Debug\岛屿数量.pdb" /SUBSYSTEM:CONSOLE /TLBID:1 /DYNAMICBASE /NXCOMPAT /IMPLIB:"D:\Coding\leetcode\岛屿数量\Debug\岛屿数量.lib" /MACHINE:X86 Debug\stdafx.obj
         "Debug\岛屿数量.obj"
         岛屿数量.vcxproj -> D:\Coding\leetcode\岛屿数量\Debug\岛屿数量.exe
     1>已完成生成项目“D:\Coding\leetcode\岛屿数量\岛屿数量\岛屿数量.vcxproj”(Build 个目标)的操作。

生成成功。

已用时间 00:00:00.85
